#
# An unexpected error has been detected by Java Runtime Environment:
#
#  EXCEPTION_ACCESS_VIOLATION (0xc0000005) at pc=0x79a82baf, pid=7416, tid=1724
#
# Java VM: Java HotSpot(TM) Client VM (10.0-b19 mixed mode windows-x86)
# Problematic frame:
# C  [mcr.dll+0x2baf]
#
# If you would like to submit a bug report, please visit:
#   http://java.sun.com/webapps/bugreport/crash.jsp
# The crash happened outside the Java Virtual Machine in native code.
# See problematic frame for where to report the bug.
#

---------------  T H R E A D  ---------------

Current thread (0x0d6bf800):  JavaThread "main" [_thread_in_native, id=1724, stack(0x00430000,0x00c30000)]

siginfo: ExceptionCode=0xc0000005, reading address 0x0000002c

Registers:
EAX=0x0000002c, EBX=0x00000001, ECX=0x21326208, EDX=0x01260048
ESP=0x00c2ee00, EBP=0x00c2ee14, ESI=0x21326208, EDI=0x00000000
EIP=0x79a82baf, EFLAGS=0x00010202

Top of Stack: (sp=0x00c2ee00)
0x00c2ee00:   00000000 21326208 00c2ee38 79ab0d91
0x00c2ee10:   ffffffff 00c2ee44 79aa998b 0000002c
0x00c2ee20:   7b3868de 00c2f378 00c2ee64 00c2ee5c
0x00c2ee30:   00c2ef5c 21326208 00c2f39c 79ab33db
0x00c2ee40:   00000000 00c2ee58 79a81f6c 00000001
0x00c2ee50:   00000000 00000000 00c2f3a8 79aadaf9
0x00c2ee60:   012de878 00000001 7b3868de 00000000
0x00c2ee70:   00000000 00000003 00000000 00000002 

Instructions: (pc=0x79a82baf)
0x79a82b9f:   00 50 64 89 25 00 00 00 00 51 8b 45 08 56 8b f1
0x79a82baf:   8b 08 89 0e 8b 50 04 89 56 04 8b 48 08 89 4e 08 


Stack: [0x00430000,0x00c30000],  sp=0x00c2ee00,  free space=8187k
Native frames: (J=compiled Java code, j=interpreted, Vv=VM code, C=native code)
C  [mcr.dll+0x2baf]
C  [mcr.dll+0x2998b]
C  [mcr.dll+0x1f6c]
C  [mcr.dll+0x2daf9]
C  [mcr.dll+0x2ddf7]
C  [m_dispatcher.dll+0x6dac]
C  [m_dispatcher.dll+0x6eb1]
C  [m_dispatcher.dll+0x3f6b]
C  [m_dispatcher.dll+0x6dac]
C  [m_dispatcher.dll+0x6eb1]
C  [m_interpreter.dll+0xa6fcd]
C  [m_interpreter.dll+0xa1da6]
C  [m_interpreter.dll+0x111f1]
C  0x787827b2
C  0x78782f32
C  0x787829ea
C  0x78786ebd
C  0x78786f83
v  ~BufferBlob::Interpreter
v  ~BufferBlob::Interpreter
v  ~BufferBlob::Interpreter
v  ~BufferBlob::Interpreter
v  ~BufferBlob::Interpreter
v  ~BufferBlob::Interpreter
v  ~BufferBlob::StubRoutines (1)

Java frames: (J=compiled Java code, j=interpreted, Vv=VM code)
v  ~BufferBlob::Interpreter
v  ~BufferBlob::Interpreter
v  ~BufferBlob::Interpreter
v  ~BufferBlob::Interpreter
v  ~BufferBlob::Interpreter
v  ~BufferBlob::Interpreter
v  ~BufferBlob::StubRoutines (1)

---------------  P R O C E S S  ---------------

Java Threads: ( => current thread )
  0x1dba6000 JavaThread "Timer-15" daemon [_thread_blocked, id=4352, stack(0x1f700000,0x1f780000)]
  0x1dba5400 JavaThread "Image Fetcher 2" daemon [_thread_blocked, id=8156, stack(0x1f250000,0x1f2d0000)]
  0x1dc2a000 JavaThread "Timer-1" [_thread_blocked, id=8788, stack(0x0fc50000,0x0fcd0000)]
  0x0a5ef800 JavaThread "TimerQueue" daemon [_thread_blocked, id=9588, stack(0x0fb90000,0x0fc10000)]
  0x0aabe800 JavaThread "AWT-EventQueue-0" [_thread_blocked, id=9600, stack(0x0faf0000,0x0fb70000)]
  0x0aabe000 JavaThread "AWT-Shutdown" [_thread_blocked, id=1760, stack(0x0f970000,0x0f9f0000)]
  0x0a5ed400 JavaThread "Image Fetcher 3" daemon [_thread_blocked, id=9064, stack(0x0f8f0000,0x0f970000)]
  0x0a593c00 JavaThread "Image Fetcher 1" daemon [_thread_blocked, id=2644, stack(0x0d6c0000,0x0d740000)]
  0x0a9de800 JavaThread "AWT-Windows" daemon [_thread_in_native, id=4716, stack(0x0d420000,0x0d4a0000)]
  0x0a9da800 JavaThread "Java2D Disposer" daemon [_thread_blocked, id=9160, stack(0x0d120000,0x0d1a0000)]
  0x0a576000 JavaThread "Timer-0" [_thread_blocked, id=6532, stack(0x0a710000,0x0a790000)]
  0x0a53e400 JavaThread "JMI Unnamed Thread" [_thread_in_native, id=7516, stack(0x0ac00000,0x0b400000)]
  0x0b88b800 JavaThread "Low Memory Detector" daemon [_thread_blocked, id=6248, stack(0x0a480000,0x0a500000)]
  0x0b887400 JavaThread "CompilerThread0" daemon [_thread_blocked, id=6252, stack(0x1c810000,0x1d010000)]
  0x0b87ec00 JavaThread "Attach Listener" daemon [_thread_blocked, id=2588, stack(0x0a400000,0x0a480000)]
  0x0b862000 JavaThread "Finalizer" daemon [_thread_blocked, id=6212, stack(0x0d630000,0x0d6b0000)]
  0x0b861000 JavaThread "Reference Handler" daemon [_thread_blocked, id=1044, stack(0x0d5b0000,0x0d630000)]
=>0x0d6bf800 JavaThread "main" [_thread_in_native, id=1724, stack(0x00430000,0x00c30000)]

Other Threads:
  0x0b85cc00 VMThread [stack: 0x1c010000,0x1c810000] [id=5416]
  0x0b89e400 WatcherThread [stack: 0x1d010000,0x1d810000] [id=6280]

VM state:not at safepoint (normal execution)

VM Mutex/Monitor currently owned by a thread: None

Heap
 def new generation   total 14784K, used 12823K [0x10010000, 0x11010000, 0x12010000)
  eden space 13184K,  88% used [0x10010000, 0x10b71440, 0x10cf0000)
  from space 1600K,  73% used [0x10e80000, 0x10fa4b40, 0x11010000)
  to   space 1600K,   0% used [0x10cf0000, 0x10cf0000, 0x10e80000)
 tenured generation   total 49152K, used 14683K [0x12010000, 0x15010000, 0x18010000)
   the space 49152K,  29% used [0x12010000, 0x12e66f40, 0x12e67000, 0x15010000)
 compacting perm gen  total 32768K, used 21623K [0x18010000, 0x1a010000, 0x1c010000)
   the space 32768K,  65% used [0x18010000, 0x1952dd20, 0x1952de00, 0x1a010000)
No shared spaces configured.

Dynamic libraries:
0x00400000 - 0x0042f000 	E:\Program Files\MATLAB\R2009a\bin\win32\MATLAB.exe
0x77a80000 - 0x77bbc000 	C:\Windows\SYSTEM32\ntdll.dll
0x76300000 - 0x763d4000 	C:\Windows\system32\kernel32.dll
0x75aa0000 - 0x75aeb000 	C:\Windows\system32\KERNELBASE.dll
0x7b280000 - 0x7b34a000 	E:\Program Files\MATLAB\R2009a\bin\win32\libut.dll
0x76020000 - 0x7604b000 	C:\Windows\system32\imagehlp.dll
0x765e0000 - 0x7668c000 	C:\Windows\system32\msvcrt.dll
0x77840000 - 0x778e0000 	C:\Windows\system32\ADVAPI32.dll
0x77c10000 - 0x77c29000 	C:\Windows\SYSTEM32\sechost.dll
0x76250000 - 0x762f2000 	C:\Windows\system32\RPCRT4.dll
0x77be0000 - 0x77be5000 	C:\Windows\system32\PSAPI.DLL
0x7bba0000 - 0x7bbbf000 	E:\Program Files\MATLAB\R2009a\bin\win32\LIBEXPAT.dll
0x74e40000 - 0x74edb000 	C:\Windows\WinSxS\x86_microsoft.vc80.crt_1fc8b3b9a1e18e3b_8.0.50727.6195_none_d09154e044272b9a\MSVCR80.dll
0x7b6b0000 - 0x7b791000 	E:\Program Files\MATLAB\R2009a\bin\win32\icuuc38.dll
0x7ad90000 - 0x7ad94000 	E:\Program Files\MATLAB\R2009a\bin\win32\icudt38.dll
0x7ada0000 - 0x7adac000 	E:\Program Files\MATLAB\R2009a\bin\win32\icuio38.dll
0x7afe0000 - 0x7b0c4000 	E:\Program Files\MATLAB\R2009a\bin\win32\icuin38.dll
0x74ee0000 - 0x74f67000 	C:\Windows\WinSxS\x86_microsoft.vc80.crt_1fc8b3b9a1e18e3b_8.0.50727.6195_none_d09154e044272b9a\MSVCP80.dll
0x76420000 - 0x764e9000 	C:\Windows\system32\USER32.dll
0x76590000 - 0x765de000 	C:\Windows\system32\GDI32.dll
0x77bd0000 - 0x77bda000 	C:\Windows\system32\LPK.dll
0x764f0000 - 0x7658d000 	C:\Windows\system32\USP10.dll
0x782e0000 - 0x78317000 	E:\Program Files\MATLAB\R2009a\bin\win32\libmwfl.dll
0x10000000 - 0x1000e000 	E:\Program Files\MATLAB\R2009a\bin\win32\boost_date_time-vc80-mt-1_36.dll
0x00130000 - 0x00140000 	E:\Program Files\MATLAB\R2009a\bin\win32\boost_signals-vc80-mt-1_36.dll
0x00150000 - 0x00157000 	E:\Program Files\MATLAB\R2009a\bin\win32\boost_system-vc80-mt-1_36.dll
0x00170000 - 0x0017c000 	E:\Program Files\MATLAB\R2009a\bin\win32\boost_thread-vc80-mt-1_36.dll
0x7b3b0000 - 0x7b59a000 	E:\Program Files\MATLAB\R2009a\bin\win32\libmwservices.dll
0x7b350000 - 0x7b3aa000 	E:\Program Files\MATLAB\R2009a\bin\win32\libmx.dll
0x787a0000 - 0x787b3000 	E:\Program Files\MATLAB\R2009a\bin\win32\zlib1.dll
0x7b5a0000 - 0x7b6af000 	E:\Program Files\MATLAB\R2009a\bin\win32\libmwmathutil.dll
0x79510000 - 0x79543000 	E:\Program Files\MATLAB\R2009a\bin\win32\mpath.dll
0x001d0000 - 0x001ff000 	E:\Program Files\MATLAB\R2009a\bin\win32\mlutil.dll
0x00320000 - 0x00359000 	E:\Program Files\MATLAB\R2009a\bin\win32\tbb.dll
0x74da0000 - 0x74e24000 	C:\Windows\WinSxS\x86_microsoft.windows.common-controls_6595b64144ccf1df_5.82.7601.18201_none_ec80f00e8593ece5\COMCTL32.dll
0x77650000 - 0x776cb000 	C:\Windows\system32\comdlg32.dll
0x77c50000 - 0x77ca7000 	C:\Windows\system32\SHLWAPI.dll
0x76860000 - 0x774aa000 	C:\Windows\system32\SHELL32.dll
0x74d80000 - 0x74d91000 	C:\Windows\system32\NETAPI32.dll
0x74d70000 - 0x74d79000 	C:\Windows\system32\netutils.dll
0x75690000 - 0x756a9000 	C:\Windows\system32\srvcli.dll
0x74d60000 - 0x74d6f000 	C:\Windows\system32\wkscli.dll
0x763e0000 - 0x76415000 	C:\Windows\system32\WS2_32.dll
0x77bc0000 - 0x77bc6000 	C:\Windows\system32\NSI.dll
0x79a80000 - 0x79ad3000 	E:\Program Files\MATLAB\R2009a\bin\win32\mcr.dll
0x7adb0000 - 0x7adeb000 	E:\Program Files\MATLAB\R2009a\bin\win32\iqm.dll
0x7a080000 - 0x7a558000 	E:\Program Files\MATLAB\R2009a\bin\win32\m_interpreter.dll
0x7ae00000 - 0x7ae0c000 	E:\Program Files\MATLAB\R2009a\bin\win32\libmex.dll
0x79960000 - 0x799b7000 	E:\Program Files\MATLAB\R2009a\bin\win32\m_dispatcher.dll
0x78670000 - 0x7868c000 	E:\Program Files\MATLAB\R2009a\bin\win32\datasvcs.dll
0x78df0000 - 0x78fb2000 	E:\Program Files\MATLAB\R2009a\bin\win32\xerces-c_2_7.dll
0x00c30000 - 0x00ccd000 	E:\Program Files\MATLAB\R2009a\bin\win32\boost_regex-vc80-mt-1_36.dll
0x79870000 - 0x798c7000 	E:\Program Files\MATLAB\R2009a\bin\win32\profiler.dll
0x7ae60000 - 0x7ae7e000 	E:\Program Files\MATLAB\R2009a\bin\win32\libmwmathrng.dll
0x78720000 - 0x78732000 	E:\Program Files\MATLAB\R2009a\bin\win32\m_pcodeio.dll
0x794d0000 - 0x79507000 	E:\Program Files\MATLAB\R2009a\bin\win32\m_ir.dll
0x79b60000 - 0x7a077000 	E:\Program Files\MATLAB\R2009a\bin\win32\m_parser.dll
0x7adf0000 - 0x7adfe000 	E:\Program Files\MATLAB\R2009a\bin\win32\ir_xfmr.dll
0x78320000 - 0x78468000 	E:\Program Files\MATLAB\R2009a\bin\win32\mcos.dll
0x7aea0000 - 0x7aeaa000 	E:\Program Files\MATLAB\R2009a\bin\win32\mtok.dll
0x78700000 - 0x78716000 	E:\Program Files\MATLAB\R2009a\bin\win32\m_pcodegen.dll
0x78650000 - 0x7866b000 	E:\Program Files\MATLAB\R2009a\bin\win32\bridge.dll
0x7aae0000 - 0x7ab64000 	E:\Program Files\MATLAB\R2009a\bin\win32\udd.dll
0x7b7a0000 - 0x7b89b000 	E:\Program Files\MATLAB\R2009a\bin\win32\libmwgui.dll
0x78800000 - 0x789f1000 	E:\Program Files\MATLAB\R2009a\bin\win32\hg.dll
0x78690000 - 0x786b2000 	E:\Program Files\MATLAB\R2009a\bin\win32\libmat.dll
0x7b0d0000 - 0x7b275000 	E:\Program Files\MATLAB\R2009a\bin\win32\libhdf5.dll
0x793e0000 - 0x7941e000 	E:\Program Files\MATLAB\R2009a\bin\win32\jmi.dll
0x790f0000 - 0x7911c000 	E:\Program Files\MATLAB\R2009a\bin\win32\libmwhardcopy.dll
0x79490000 - 0x794c7000 	E:\Program Files\MATLAB\R2009a\bin\win32\libuij.dll
0x78d50000 - 0x78de5000 	E:\Program Files\MATLAB\R2009a\bin\win32\libmwmathlinalg.dll
0x78a60000 - 0x78d42000 	E:\Program Files\MATLAB\R2009a\bin\win32\libmwmathelem.dll
0x78a00000 - 0x78a52000 	E:\Program Files\MATLAB\R2009a\bin\win32\libmwmathcore.dll
0x798d0000 - 0x79917000 	E:\Program Files\MATLAB\R2009a\bin\win32\libmwcholmod.dll
0x7ae10000 - 0x7ae1a000 	E:\Program Files\MATLAB\R2009a\bin\win32\libmwamd.dll
0x7ae40000 - 0x7ae49000 	E:\Program Files\MATLAB\R2009a\bin\win32\libmwcolamd.dll
0x7ae30000 - 0x7ae3d000 	E:\Program Files\MATLAB\R2009a\bin\win32\libmwblas.dll
0x7ae20000 - 0x7ae2c000 	E:\Program Files\MATLAB\R2009a\bin\win32\libmwbinder.dll
0x786c0000 - 0x786f8000 	E:\Program Files\MATLAB\R2009a\bin\win32\libmwlapack.dll
0x00e50000 - 0x00e85000 	E:\Program Files\MATLAB\R2009a\bin\win32\libmwrookfastbp.dll
0x79120000 - 0x7915c000 	E:\Program Files\MATLAB\R2009a\bin\win32\libmwma57.dll
0x7aef0000 - 0x7afd9000 	E:\Program Files\MATLAB\R2009a\bin\win32\libifcoremd.dll
0x79550000 - 0x79813000 	E:\Program Files\MATLAB\R2009a\bin\win32\libmmd.dll
0x7ae50000 - 0x7ae5c000 	E:\Program Files\MATLAB\R2009a\bin\win32\libmwcsparse.dll
0x79a20000 - 0x79a73000 	E:\Program Files\MATLAB\R2009a\bin\win32\libmwumfpack.dll
0x00ed0000 - 0x00f77000 	E:\Program Files\MATLAB\R2009a\bin\win32\hgdatatypes.dll
0x7ab70000 - 0x7ad89000 	E:\Program Files\MATLAB\R2009a\bin\win32\uiw.dll
0x7aee0000 - 0x7aee9000 	E:\Program Files\MATLAB\R2009a\bin\win32\uinone.dll
0x00fb0000 - 0x010bf000 	C:\Windows\WinSxS\x86_microsoft.vc80.mfc_1fc8b3b9a1e18e3b_8.0.50727.6195_none_cbf5e994470a1a8f\MFC80.DLL
0x732e0000 - 0x73331000 	C:\Windows\system32\WINSPOOL.DRV
0x774b0000 - 0x7760c000 	C:\Windows\system32\ole32.dll
0x77720000 - 0x777af000 	C:\Windows\system32\OLEAUT32.dll
0x79ae0000 - 0x79b55000 	E:\Program Files\MATLAB\R2009a\bin\win32\udd_mi.dll
0x78740000 - 0x78753000 	E:\Program Files\MATLAB\R2009a\bin\win32\mwoles05.DLL
0x79820000 - 0x79864000 	E:\Program Files\MATLAB\R2009a\bin\win32\comcli.dll
0x70680000 - 0x7069b000 	C:\Windows\WinSxS\x86_microsoft.vc80.atl_1fc8b3b9a1e18e3b_8.0.50727.6195_none_d1cb102c435421de\ATL80.DLL
0x7ae90000 - 0x7ae9b000 	E:\Program Files\MATLAB\R2009a\bin\win32\mlautoregister.dll
0x75fa0000 - 0x75fbf000 	C:\Windows\system32\IMM32.DLL
0x76180000 - 0x7624c000 	C:\Windows\system32\MSCTF.dll
0x01370000 - 0x0137a000 	C:\Windows\WinSxS\x86_microsoft.vc80.mfcloc_1fc8b3b9a1e18e3b_8.0.50727.6195_none_03ce2c72205943d3\MFC80CHS.DLL
0x759e0000 - 0x759eb000 	C:\Windows\system32\profapi.dll
0x75960000 - 0x7596c000 	C:\Windows\system32\CRYPTBASE.dll
0x77610000 - 0x77650000 	C:\Windows\system32\uxtheme.dll
0x03d90000 - 0x03e31000 	C:\ProgramData\Tencent\TSVulFw\TSVulFW.DAT
0x74f70000 - 0x74f79000 	C:\Windows\system32\VERSION.dll
0x03330000 - 0x033a3000 	C:\Program Files\Kingsoft\Kingsoft Antivirus\kwsui.dll
0x74e30000 - 0x74e3d000 	C:\Windows\system32\WTSAPI32.dll
0x745f0000 - 0x7478e000 	C:\Windows\WinSxS\x86_microsoft.windows.common-controls_6595b64144ccf1df_6.0.7601.17514_none_41e6975e2bd6f2b2\comctl32.dll
0x777b0000 - 0x77833000 	C:\Windows\system32\CLBCatQ.DLL
0x744b0000 - 0x745a5000 	C:\Windows\system32\propsys.dll
0x778e0000 - 0x77a7d000 	C:\Windows\system32\SETUPAPI.dll
0x75c40000 - 0x75c67000 	C:\Windows\system32\CFGMGR32.dll
0x75d50000 - 0x75d62000 	C:\Windows\system32\DEVOBJ.dll
0x74c70000 - 0x74c91000 	C:\Windows\system32\ntmarta.dll
0x776d0000 - 0x77715000 	C:\Windows\system32\WLDAP32.dll
0x75910000 - 0x7595c000 	C:\Windows\system32\apphelp.dll
0x05940000 - 0x05c40000 	C:\Windows\system32\SOGOUPY.IME
0x734b0000 - 0x734b5000 	C:\Windows\system32\MSIMG32.dll
0x0b400000 - 0x0b48c000 	D:\ศํผ\หันท\SogouInput\Components\PicFace\1.0.0.792\PicFace.dll
0x0b770000 - 0x0b7c2000 	D:\ศํผ\หันท\SogouInput\Components\AddressSearch\1.0.0.1255\AddressSearch.dll
0x76690000 - 0x76854000 	C:\Windows\system32\WININET.dll
0x75d00000 - 0x75d04000 	C:\Windows\system32\api-ms-win-downlevel-user32-l1-1-0.dll
0x75af0000 - 0x75af4000 	C:\Windows\system32\api-ms-win-downlevel-shlwapi-l1-1-0.dll
0x75c20000 - 0x75c24000 	C:\Windows\system32\api-ms-win-downlevel-version-l1-1-0.dll
0x75a60000 - 0x75a63000 	C:\Windows\system32\api-ms-win-downlevel-normaliz-l1-1-0.dll
0x77bf0000 - 0x77bf3000 	C:\Windows\system32\normaliz.DLL
0x75d80000 - 0x75f95000 	C:\Windows\system32\iertutil.dll
0x75d70000 - 0x75d75000 	C:\Windows\system32\api-ms-win-downlevel-advapi32-l1-1-0.dll

VM Arguments:
jvm_args: -Xss512k -XX:PermSize=32m -Xms64m -XX:NewRatio=3 -XX:MaxPermSize=64m -Xmx128m -XX:MaxDirectMemorySize=1200000000 -Dsun.java2d.noddraw=true -Dsun.awt.nopixfmt=true -Xshare:off -Xrs -Djava.library.path=E:\Program Files\MATLAB\R2009a\bin\win32 vfprintf abort 
java_command: <unknown>
Launcher Type: generic

Environment Variables:
JAVA_HOME=C:\Program Files\Java\jdk1.6.0_25
CLASSPATH=.;C:\Program Files\Java\jdk1.6.0_25
PATH=F:\oracle\product\10.2.0\db_1\bin;C:\Program Files\Borland\Delphi7\Bin;C:\Program Files\Borland\Delphi7\Projects\Bpl\;C:\Windows\system32;C:\Windows;C:\Windows\System32\Wbem;C:\Windows\System32\WindowsPowerShell\v1.0\;C:\Program Files\Common Files\Thunder Network\KanKan\Codecs;E:\Program Files\MATLAB\R2009a\bin;E:\Program Files\MATLAB\R2009a\bin\win32;C:\Program Files\Microsoft SQL Server\80\Tools\BINN;C:\Program Files\Java\jdk1.6.0_25\bin
USERNAME=niulimin
OS=Windows_NT
PROCESSOR_IDENTIFIER=x86 Family 6 Model 23 Stepping 10, GenuineIntel



---------------  S Y S T E M  ---------------

OS: Windows NT 6.1 Build 7601 Service Pack 1

CPU:total 2 (2 cores per cpu, 1 threads per core) family 6 model 7 stepping 10, cmov, cx8, fxsr, mmx, sse, sse2, sse3, ssse3

Memory: 4k page, physical 2094036k(777648k free), swap 4188072k(2172980k free)

vm_info: Java HotSpot(TM) Client VM (10.0-b19) for windows-x86 JRE (1.6.0_04-b12), built on Dec 14 2007 00:51:20 by "java_re" with MS VC++ 7.1

time: Wed Dec 25 11:38:45 2013
elapsed time: 46 seconds

